<?xml version="1.0" encoding="UTF-8"?>
<testsuite xmlns:xsi="http://www.w3.org/2001/XMLSchema-instance" xsi:noNamespaceSchemaLocation="https://maven.apache.org/surefire/maven-surefire-plugin/xsd/surefire-test-report.xsd" name="com.leyou.httpdemo.HttpTests" time="5.314" tests="3" errors="2" skipped="0" failures="0">
  <properties>
[...]
</properties>
  <testcase name="testGet" classname="com.leyou.httpdemo.HttpTests" time="1.034"/>
  <testcase name="testPost" classname="com.leyou.httpdemo.HttpTests" time="0.245">
    <error message="Moved Permanently" type="org.apache.http.client.HttpResponseException">org.apache.http.client.HttpResponseException: Moved Permanently
	at com.leyou.httpdemo.HttpTests.testPost(HttpTests.java:34)
</error>
    <system-out><![CDATA[22:22:01.135 [main] DEBUG org.apache.http.client.protocol.RequestAddCookies - CookieSpec selected: default
22:22:01.136 [main] DEBUG org.apache.http.client.protocol.RequestAuthCache - Auth cache not set in the context
22:22:01.137 [main] DEBUG org.apache.http.impl.conn.PoolingHttpClientConnectionManager - Connection request: [route: {}->http://www.oschina.net:80][total kept alive: 0; route allocated: 0 of 2; total allocated: 0 of 20]
22:22:01.137 [main] DEBUG org.apache.http.impl.conn.PoolingHttpClientConnectionManager - Connection leased: [id: 1][route: {}->http://www.oschina.net:80][total kept alive: 0; route allocated: 1 of 2; total allocated: 1 of 20]
22:22:01.137 [main] DEBUG org.apache.http.impl.execchain.MainClientExec - Opening connection {}->http://www.oschina.net:80
22:22:01.210 [main] DEBUG org.apache.http.impl.conn.DefaultHttpClientConnectionOperator - Connecting to www.oschina.net/212.64.62.183:80
22:22:01.281 [main] DEBUG org.apache.http.impl.conn.DefaultHttpClientConnectionOperator - Connection established 192.168.1.109:50344<->212.64.62.183:80
22:22:01.281 [main] DEBUG org.apache.http.impl.execchain.MainClientExec - Executing request POST / HTTP/1.1
22:22:01.281 [main] DEBUG org.apache.http.impl.execchain.MainClientExec - Target auth state: UNCHALLENGED
22:22:01.281 [main] DEBUG org.apache.http.impl.execchain.MainClientExec - Proxy auth state: UNCHALLENGED
22:22:01.281 [main] DEBUG org.apache.http.headers - http-outgoing-1 >> POST / HTTP/1.1
22:22:01.281 [main] DEBUG org.apache.http.headers - http-outgoing-1 >> User-Agent: Mozilla/5.0 (Windows NT 10.0; WOW64) AppleWebKit/537.36 (KHTML, like Gecko) Chrome/56.0.2924.87 Safari/537.36
22:22:01.281 [main] DEBUG org.apache.http.headers - http-outgoing-1 >> Content-Length: 0
22:22:01.281 [main] DEBUG org.apache.http.headers - http-outgoing-1 >> Host: www.oschina.net
22:22:01.281 [main] DEBUG org.apache.http.headers - http-outgoing-1 >> Connection: Keep-Alive
22:22:01.281 [main] DEBUG org.apache.http.headers - http-outgoing-1 >> Accept-Encoding: gzip,deflate
22:22:01.281 [main] DEBUG org.apache.http.wire - http-outgoing-1 >> "POST / HTTP/1.1[\r][\n]"
22:22:01.282 [main] DEBUG org.apache.http.wire - http-outgoing-1 >> "User-Agent: Mozilla/5.0 (Windows NT 10.0; WOW64) AppleWebKit/537.36 (KHTML, like Gecko) Chrome/56.0.2924.87 Safari/537.36[\r][\n]"
22:22:01.282 [main] DEBUG org.apache.http.wire - http-outgoing-1 >> "Content-Length: 0[\r][\n]"
22:22:01.282 [main] DEBUG org.apache.http.wire - http-outgoing-1 >> "Host: www.oschina.net[\r][\n]"
22:22:01.282 [main] DEBUG org.apache.http.wire - http-outgoing-1 >> "Connection: Keep-Alive[\r][\n]"
22:22:01.282 [main] DEBUG org.apache.http.wire - http-outgoing-1 >> "Accept-Encoding: gzip,deflate[\r][\n]"
22:22:01.282 [main] DEBUG org.apache.http.wire - http-outgoing-1 >> "[\r][\n]"
22:22:01.375 [main] DEBUG org.apache.http.wire - http-outgoing-1 << "HTTP/1.1 301 Moved Permanently[\r][\n]"
22:22:01.375 [main] DEBUG org.apache.http.wire - http-outgoing-1 << "Date: Wed, 12 Aug 2020 14:21:59 GMT[\r][\n]"
22:22:01.375 [main] DEBUG org.apache.http.wire - http-outgoing-1 << "Content-Type: text/html[\r][\n]"
22:22:01.375 [main] DEBUG org.apache.http.wire - http-outgoing-1 << "Content-Length: 239[\r][\n]"
22:22:01.375 [main] DEBUG org.apache.http.wire - http-outgoing-1 << "Connection: keep-alive[\r][\n]"
22:22:01.375 [main] DEBUG org.apache.http.wire - http-outgoing-1 << "Server: Tengine[\r][\n]"
22:22:01.375 [main] DEBUG org.apache.http.wire - http-outgoing-1 << "Location: https://www.oschina.net/[\r][\n]"
22:22:01.375 [main] DEBUG org.apache.http.wire - http-outgoing-1 << "[\r][\n]"
22:22:01.376 [main] DEBUG org.apache.http.wire - http-outgoing-1 << "<!DOCTYPE HTML PUBLIC "-//IETF//DTD HTML 2.0//EN">[\r][\n]"
22:22:01.376 [main] DEBUG org.apache.http.wire - http-outgoing-1 << "<html>[\r][\n]"
22:22:01.376 [main] DEBUG org.apache.http.wire - http-outgoing-1 << "<head><title>301 Moved Permanently</title></head>[\r][\n]"
22:22:01.376 [main] DEBUG org.apache.http.wire - http-outgoing-1 << "<body>[\r][\n]"
22:22:01.376 [main] DEBUG org.apache.http.wire - http-outgoing-1 << "<center><h1>301 Moved Permanently</h1></center>[\r][\n]"
22:22:01.376 [main] DEBUG org.apache.http.wire - http-outgoing-1 << "<hr/>Powered by Tengine<hr><center>tengine</center>[\r][\n]"
22:22:01.376 [main] DEBUG org.apache.http.wire - http-outgoing-1 << "</body>[\r][\n]"
22:22:01.376 [main] DEBUG org.apache.http.wire - http-outgoing-1 << "</html>[\r][\n]"
22:22:01.376 [main] DEBUG org.apache.http.headers - http-outgoing-1 << HTTP/1.1 301 Moved Permanently
22:22:01.376 [main] DEBUG org.apache.http.headers - http-outgoing-1 << Date: Wed, 12 Aug 2020 14:21:59 GMT
22:22:01.376 [main] DEBUG org.apache.http.headers - http-outgoing-1 << Content-Type: text/html
22:22:01.376 [main] DEBUG org.apache.http.headers - http-outgoing-1 << Content-Length: 239
22:22:01.376 [main] DEBUG org.apache.http.headers - http-outgoing-1 << Connection: keep-alive
22:22:01.376 [main] DEBUG org.apache.http.headers - http-outgoing-1 << Server: Tengine
22:22:01.376 [main] DEBUG org.apache.http.headers - http-outgoing-1 << Location: https://www.oschina.net/
22:22:01.376 [main] DEBUG org.apache.http.impl.execchain.MainClientExec - Connection can be kept alive indefinitely
22:22:01.377 [main] DEBUG org.apache.http.impl.conn.PoolingHttpClientConnectionManager - Connection [id: 1][route: {}->http://www.oschina.net:80] can be kept alive indefinitely
22:22:01.377 [main] DEBUG org.apache.http.impl.conn.PoolingHttpClientConnectionManager - Connection released: [id: 1][route: {}->http://www.oschina.net:80][total kept alive: 1; route allocated: 1 of 2; total allocated: 1 of 20]
]]></system-out>
  </testcase>
  <testcase name="testGetPojo" classname="com.leyou.httpdemo.HttpTests" time="4.035">
    <error message="Connect to localhost:80 [localhost/127.0.0.1, localhost/0:0:0:0:0:0:0:1] failed: Connection refused: connect" type="org.apache.http.conn.HttpHostConnectException">org.apache.http.conn.HttpHostConnectException: Connect to localhost:80 [localhost/127.0.0.1, localhost/0:0:0:0:0:0:0:1] failed: Connection refused: connect
	at com.leyou.httpdemo.HttpTests.testGetPojo(HttpTests.java:41)
Caused by: java.net.ConnectException: Connection refused: connect
	at com.leyou.httpdemo.HttpTests.testGetPojo(HttpTests.java:41)
</error>
    <system-out><![CDATA[22:22:01.381 [main] DEBUG org.apache.http.client.protocol.RequestAddCookies - CookieSpec selected: default
22:22:01.381 [main] DEBUG org.apache.http.client.protocol.RequestAuthCache - Auth cache not set in the context
22:22:01.381 [main] DEBUG org.apache.http.impl.conn.PoolingHttpClientConnectionManager - Connection request: [route: {}->http://localhost:80][total kept alive: 0; route allocated: 0 of 2; total allocated: 0 of 20]
22:22:01.381 [main] DEBUG org.apache.http.impl.conn.PoolingHttpClientConnectionManager - Connection leased: [id: 2][route: {}->http://localhost:80][total kept alive: 0; route allocated: 1 of 2; total allocated: 1 of 20]
22:22:01.381 [main] DEBUG org.apache.http.impl.execchain.MainClientExec - Opening connection {}->http://localhost:80
22:22:01.384 [main] DEBUG org.apache.http.impl.conn.DefaultHttpClientConnectionOperator - Connecting to localhost/127.0.0.1:80
22:22:03.397 [main] DEBUG org.apache.http.impl.conn.DefaultHttpClientConnectionOperator - Connect to localhost/127.0.0.1:80 timed out. Connection will be retried using another IP address
22:22:03.397 [main] DEBUG org.apache.http.impl.conn.DefaultHttpClientConnectionOperator - Connecting to localhost/0:0:0:0:0:0:0:1:80
22:22:05.411 [main] DEBUG org.apache.http.impl.conn.DefaultManagedHttpClientConnection - http-outgoing-2: Shutdown connection
22:22:05.411 [main] DEBUG org.apache.http.impl.execchain.MainClientExec - Connection discarded
22:22:05.411 [main] DEBUG org.apache.http.impl.conn.PoolingHttpClientConnectionManager - Connection released: [id: 2][route: {}->http://localhost:80][total kept alive: 0; route allocated: 0 of 2; total allocated: 0 of 20]
]]></system-out>
  </testcase>
</testsuite>